2026-02-17 10:23:55 - XebecPDF - INFO - Iniciando Xebec PDF Fixer con PyQt6
2026-02-17 10:32:57 - XebecPDF - INFO - Iniciando Xebec PDF Fixer con PyQt6
2026-02-17 10:48:14 - XebecPDF - INFO - Iniciando Xebec PDF Fixer con PyQt6
2026-02-17 11:12:59 - XebecPDF - INFO - Iniciando Xebec PDF Fixer con PyQt6
2026-02-17 11:14:48 - XebecPDF - INFO - Iniciando Xebec PDF Fixer con PyQt6
2026-02-17 11:15:22 - XebecPDF - INFO - Iniciando Xebec PDF Fixer con PyQt6
2026-02-17 11:35:32 - XebecPDF - INFO - Iniciando Xebec PDF Fixer con PyQt6
2026-02-17 11:40:47 - XebecPDF - INFO - Iniciando Xebec PDF Fixer con PyQt6
2026-02-17 11:41:21 - XebecPDF - INFO - Iniciando Xebec PDF Fixer con PyQt6
2026-02-17 14:49:26 - XebecPDF - INFO - Iniciando Xebec PDF Fixer con PyQt6
2026-02-17 14:51:53 - XebecPDF - INFO - Iniciando Xebec PDF Fixer con PyQt6
2026-02-17 14:53:16 - XebecPDF - INFO - Iniciando Xebec PDF Fixer con PyQt6
2026-02-17 14:55:33 - XebecPDF - INFO - Navegando a: new
2026-02-17 14:55:35 - XebecPDF - INFO - Navegando a: home
2026-02-17 14:55:36 - XebecPDF - INFO - Navegando a: new
2026-02-17 14:55:42 - XebecPDF - INFO - Navegando a: new
2026-02-17 14:55:43 - XebecPDF - INFO - Navegando a: new
2026-02-17 14:55:44 - XebecPDF - INFO - Navegando a: new
2026-02-17 14:55:45 - XebecPDF - INFO - Navegando a: home
2026-02-17 14:55:45 - XebecPDF - INFO - Navegando a: new
2026-02-17 14:55:47 - XebecPDF - INFO - Navegando a: home
2026-02-17 14:55:47 - XebecPDF - INFO - Navegando a: new
2026-02-17 14:55:48 - XebecPDF - INFO - Navegando a: home
2026-02-17 14:55:48 - XebecPDF - INFO - Navegando a: new
2026-02-17 14:55:54 - XebecPDF - INFO - Iniciando Xebec PDF Fixer con PyQt6
2026-02-17 14:55:57 - XebecPDF - INFO - Navegando a: settings
2026-02-17 14:56:11 - XebecPDF - INFO - Iniciando Xebec PDF Fixer con PyQt6
2026-02-17 14:56:28 - XebecPDF - INFO - Iniciando Xebec PDF Fixer con PyQt6
2026-02-17 14:58:57 - XebecPDF - INFO - Iniciando Xebec PDF Fixer con PyQt6
2026-02-17 15:00:42 - XebecPDF - INFO - Iniciando Xebec PDF Fixer con PyQt6
2026-02-17 15:36:47 - XebecPDF - INFO - Iniciando Xebec PDF Fixer con PyQt6
2026-02-17 15:43:30 - XebecPDF - INFO - Iniciando Xebec PDF Fixer con PyQt6
2026-02-17 15:46:12 - XebecPDF - INFO - Iniciando Xebec PDF Fixer con PyQt6
2026-02-17 15:46:38 - XebecPDF - INFO - Iniciando Xebec PDF Fixer con PyQt6
2026-02-17 15:52:08 - XebecPDF - INFO - Iniciando Xebec PDF Fixer con PyQt6
2026-02-17 15:53:07 - XebecPDF - INFO - Iniciando Xebec PDF Fixer con PyQt6
2026-02-17 15:57:59 - XebecPDF - INFO - Iniciando Xebec PDF Fixer con PyQt6
2026-02-17 15:58:22 - XebecPDF - INFO - Navegando a: settings
2026-02-17 15:58:34 - XebecPDF - INFO - Navegando a: home
2026-02-17 15:58:38 - XebecPDF - INFO - Navegando a: home
2026-02-17 15:58:39 - XebecPDF - INFO - Navegando a: home
2026-02-17 15:58:43 - XebecPDF - INFO - Navegando a: home
2026-02-17 15:58:44 - XebecPDF - INFO - Navegando a: new
2026-02-17 15:58:52 - XebecPDF - INFO - Iniciando Xebec PDF Fixer con PyQt6
2026-02-17 15:59:00 - XebecPDF - INFO - Navegando a: settings
2026-02-17 15:59:10 - XebecPDF - INFO - Navegando a: home
2026-02-17 15:59:15 - XebecPDF - INFO - Navegando a: repair
2026-02-17 15:59:18 - XebecPDF - INFO - Navegando a: merge
2026-02-17 15:59:20 - XebecPDF - INFO - Navegando a: merge
2026-02-17 15:59:21 - XebecPDF - INFO - Navegando a: split
2026-02-17 15:59:23 - XebecPDF - INFO - Navegando a: home
2026-02-17 15:59:30 - XebecPDF - INFO - Navegando a: new
2026-02-17 15:59:35 - XebecPDF - INFO - Navegando a: repair
2026-02-17 16:00:14 - XebecPDF - INFO - Navegando a: home
2026-02-17 16:00:23 - XebecPDF - INFO - Navegando a: merge
2026-02-17 16:00:52 - XebecPDF - INFO - Navegando a: new
2026-02-17 16:00:53 - XebecPDF - INFO - Navegando a: home
2026-02-17 16:00:54 - XebecPDF - INFO - Navegando a: new
2026-02-17 16:00:56 - XebecPDF - INFO - Navegando a: home
2026-02-17 16:00:58 - XebecPDF - INFO - Navegando a: new
2026-02-17 16:01:02 - XebecPDF - INFO - Navegando a: home
2026-02-17 16:01:13 - XebecPDF - INFO - Iniciando Xebec PDF Fixer con PyQt6
2026-02-17 16:01:20 - XebecPDF - INFO - Navegando a: home
2026-02-17 16:01:21 - XebecPDF - INFO - Navegando a: new
2026-02-17 16:01:27 - XebecPDF - INFO - Navegando a: new
2026-02-17 16:01:27 - XebecPDF - INFO - Navegando a: home
2026-02-17 16:01:30 - XebecPDF - INFO - Navegando a: home
2026-02-17 16:01:30 - XebecPDF - INFO - Navegando a: new
2026-02-17 16:01:31 - XebecPDF - INFO - Navegando a: home
2026-02-17 16:01:36 - XebecPDF - INFO - Navegando a: repair
2026-02-17 16:01:38 - XebecPDF - INFO - Navegando a: merge
2026-02-17 16:01:39 - XebecPDF - INFO - Navegando a: split
2026-02-17 16:01:40 - XebecPDF - INFO - Navegando a: merge
2026-02-17 16:01:40 - XebecPDF - INFO - Navegando a: merge
2026-02-17 16:01:41 - XebecPDF - INFO - Navegando a: split
2026-02-17 16:01:42 - XebecPDF - INFO - Navegando a: merge
2026-02-17 16:01:42 - XebecPDF - INFO - Navegando a: repair
2026-02-17 16:01:43 - XebecPDF - INFO - Navegando a: new
2026-02-17 16:01:43 - XebecPDF - INFO - Navegando a: home
2026-02-17 16:01:46 - XebecPDF - INFO - Navegando a: settings
2026-02-17 16:01:52 - XebecPDF - INFO - Navegando a: split
2026-02-17 16:01:52 - XebecPDF - INFO - Navegando a: merge
2026-02-17 16:01:53 - XebecPDF - INFO - Navegando a: repair
2026-02-17 16:01:53 - XebecPDF - INFO - Navegando a: new
2026-02-17 16:01:54 - XebecPDF - INFO - Navegando a: home
2026-02-17 16:01:55 - XebecPDF - INFO - Navegando a: new
2026-02-17 16:01:55 - XebecPDF - INFO - Navegando a: home
2026-02-17 16:01:59 - XebecPDF - INFO - Navegando a: new
2026-02-17 16:01:59 - XebecPDF - INFO - Navegando a: home
2026-02-17 16:02:01 - XebecPDF - INFO - Navegando a: settings
2026-02-17 16:02:03 - XebecPDF - INFO - Navegando a: home
2026-02-17 16:02:09 - XebecPDF - INFO - Iniciando Xebec PDF Fixer con PyQt6
2026-02-17 16:02:25 - XebecPDF - INFO - Navegando a: home
2026-02-17 16:02:26 - XebecPDF - INFO - Navegando a: home
2026-02-17 16:07:50 - XebecPDF - INFO - Iniciando Xebec PDF Fixer con PyQt6
2026-02-17 16:09:06 - XebecPDF - INFO - Iniciando Xebec PDF Fixer con PyQt6
2026-02-17 16:09:11 - XebecPDF - INFO - Navegando a: new
2026-02-17 16:09:20 - XebecPDF - INFO - Navegando a: new
2026-02-17 16:09:22 - XebecPDF - INFO - Navegando a: repair
2026-02-17 16:09:23 - XebecPDF - INFO - Navegando a: new
2026-02-17 16:09:24 - XebecPDF - INFO - Navegando a: home
2026-02-17 16:09:25 - XebecPDF - INFO - Navegando a: new
2026-02-17 16:09:29 - XebecPDF - INFO - Navegando a: home
2026-02-17 16:11:53 - XebecPDF - INFO - Iniciando Xebec PDF Fixer con PyQt6
2026-02-17 16:12:44 - XebecPDF - INFO - Iniciando Xebec PDF Fixer con PyQt6
2026-02-17 16:12:53 - XebecPDF - INFO - Navegando a: home
2026-02-17 16:12:55 - XebecPDF - INFO - Navegando a: new
2026-02-17 16:12:58 - XebecPDF - INFO - Navegando a: home
2026-02-17 16:13:11 - XebecPDF - INFO - Navegando a: settings
2026-02-17 16:15:16 - XebecPDF - INFO - Iniciando Xebec PDF Fixer con PyQt6
2026-02-17 16:17:34 - XebecPDF - INFO - Iniciando Xebec PDF Fixer con PyQt6
2026-02-17 16:19:38 - XebecPDF - INFO - Iniciando Xebec PDF Fixer con PyQt6
2026-02-17 16:19:49 - XebecPDF - INFO - Navegando a: new
2026-02-17 16:19:50 - XebecPDF - INFO - Navegando a: home
2026-02-17 16:19:59 - XebecPDF - INFO - Navegando a: settings
2026-02-17 16:20:06 - XebecPDF - INFO - Navegando a: home
2026-02-17 16:20:07 - XebecPDF - INFO - Navegando a: new
2026-02-17 16:21:30 - XebecPDF - INFO - Iniciando Xebec PDF Fixer con PyQt6
2026-02-17 16:21:59 - XebecPDF - INFO - Iniciando Xebec PDF Fixer con PyQt6
2026-02-17 16:24:31 - XebecPDF - INFO - Iniciando Xebec PDF Fixer con PyQt6
2026-02-17 16:26:02 - XebecPDF - INFO - Iniciando Xebec PDF Fixer con PyQt6
2026-02-17 16:27:26 - XebecPDF - INFO - Iniciando Xebec PDF Fixer con PyQt6
2026-02-17 16:28:54 - XebecPDF - INFO - Iniciando Xebec PDF Fixer con PyQt6
2026-02-17 16:29:36 - XebecPDF - INFO - Iniciando Xebec PDF Fixer con PyQt6
2026-02-17 16:54:56 - XebecPDF - INFO - Iniciando Xebec PDF Fixer con PyQt6
2026-02-17 16:55:15 - XebecPDF - INFO - Iniciando Xebec PDF Fixer con PyQt6
2026-02-17 16:55:26 - XebecPDF - INFO - Navegando a: new
2026-02-17 16:55:29 - XebecPDF - INFO - Navegando a: home
2026-02-17 16:56:13 - XebecPDF - INFO - Iniciando Xebec PDF Fixer con PyQt6
2026-02-17 16:56:20 - XebecPDF - INFO - Navegando a: settings
2026-02-17 16:56:22 - XebecPDF - INFO - Navegando a: home
2026-02-17 16:56:23 - XebecPDF - INFO - Navegando a: new
2026-02-17 16:56:26 - XebecPDF - INFO - Navegando a: home
2026-02-17 16:56:27 - XebecPDF - INFO - Navegando a: settings
2026-02-17 16:56:28 - XebecPDF - INFO - Navegando a: home
2026-02-17 16:56:31 - XebecPDF - INFO - Navegando a: home
2026-02-17 16:56:40 - XebecPDF - INFO - Iniciando Xebec PDF Fixer con PyQt6
2026-02-17 17:01:23 - XebecPDF - INFO - Iniciando Xebec PDF Fixer con PyQt6
2026-02-17 17:01:31 - XebecPDF - INFO - Navegando a: home
2026-02-17 17:01:32 - XebecPDF - INFO - Navegando a: new
2026-02-17 17:06:45 - XebecPDF - INFO - Iniciando Xebec PDF Fixer con PyQt6
2026-02-17 17:07:15 - XebecPDF - INFO - Navegando a: new
2026-02-17 17:07:16 - XebecPDF - INFO - Navegando a: home
2026-02-17 17:07:19 - XebecPDF - INFO - Navegando a: home
2026-02-17 17:07:24 - XebecPDF - INFO - Navegando a: settings
2026-02-17 17:07:26 - XebecPDF - INFO - Navegando a: home
2026-02-17 17:07:29 - XebecPDF - INFO - Navegando a: settings
2026-02-17 17:07:32 - XebecPDF - INFO - Navegando a: home
2026-02-17 17:09:15 - XebecPDF - INFO - Iniciando Xebec PDF Fixer con PyQt6
2026-02-17 17:11:46 - XebecPDF - INFO - Iniciando Xebec PDF Fixer con PyQt6
2026-02-17 17:11:56 - XebecPDF - INFO - Navegando a: settings
2026-02-17 17:11:59 - XebecPDF - INFO - Navegando a: new
2026-02-17 17:12:03 - XebecPDF - INFO - Navegando a: home
2026-02-17 17:13:45 - XebecPDF - INFO - Iniciando Xebec PDF Fixer con PyQt6
2026-02-17 17:13:58 - XebecPDF - INFO - Navegando a: new
2026-02-17 17:14:37 - XebecPDF - INFO - Iniciando Xebec PDF Fixer con PyQt6
2026-02-17 17:15:16 - XebecPDF - INFO - Iniciando Xebec PDF Fixer con PyQt6
2026-02-17 17:15:39 - XebecPDF - INFO - Iniciando Xebec PDF Fixer con PyQt6
2026-02-17 17:16:22 - XebecPDF - INFO - Iniciando Xebec PDF Fixer con PyQt6
2026-02-17 17:17:20 - XebecPDF - INFO - Iniciando Xebec PDF Fixer con PyQt6
2026-02-17 17:18:09 - XebecPDF - INFO - Iniciando Xebec PDF Fixer con PyQt6
2026-02-17 17:19:20 - XebecPDF - INFO - Iniciando Xebec PDF Fixer con PyQt6
2026-02-17 17:23:03 - XebecPDF - INFO - Iniciando Xebec PDF Fixer con PyQt6
2026-02-17 17:24:09 - XebecPDF - INFO - Iniciando Xebec PDF Fixer con PyQt6
2026-02-17 17:26:27 - XebecPDF - INFO - Iniciando Xebec PDF Fixer con PyQt6
2026-02-17 17:27:14 - XebecPDF - INFO - Iniciando Xebec PDF Fixer con PyQt6
2026-02-17 17:30:07 - XebecPDF - INFO - Iniciando Xebec PDF Fixer con PyQt6
2026-02-17 17:31:58 - XebecPDF - INFO - Iniciando Xebec PDF Fixer con PyQt6
2026-02-17 17:34:38 - XebecPDF - INFO - Iniciando Xebec PDF Fixer con PyQt6
2026-02-17 18:31:59 - XebecPDF - INFO - Iniciando Xebec PDF Fixer con PyQt6
2026-02-17 18:32:21 - XebecPDF - INFO - Navegando a: home
2026-02-17 18:32:21 - XebecPDF - INFO - Navegando a: new
2026-02-17 18:32:24 - XebecPDF - INFO - Navegando a: home
2026-02-17 18:32:25 - XebecPDF - INFO - Navegando a: settings
2026-02-17 18:32:30 - XebecPDF - INFO - Navegando a: home
2026-02-17 18:34:26 - XebecPDF - INFO - Iniciando Xebec PDF Fixer con PyQt6
2026-02-17 18:38:00 - XebecPDF - INFO - Iniciando Xebec PDF Fixer con PyQt6
2026-02-17 18:39:48 - XebecPDF - INFO - Navegando a: new
2026-02-17 18:39:57 - XebecPDF - INFO - Navegando a: home
2026-02-17 18:40:02 - XebecPDF - INFO - Navegando a: new
2026-02-17 18:40:06 - XebecPDF - INFO - Navegando a: home
2026-02-17 18:40:08 - XebecPDF - INFO - Iniciando Xebec PDF Fixer con PyQt6
2026-02-17 18:41:56 - XebecPDF - INFO - Iniciando Xebec PDF Fixer con PyQt6
2026-02-17 18:42:21 - XebecPDF - INFO - Iniciando Xebec PDF Fixer con PyQt6
2026-02-17 18:43:28 - XebecPDF - INFO - Iniciando Xebec PDF Fixer con PyQt6
2026-02-17 18:46:47 - XebecPDF - INFO - Iniciando Xebec PDF Fixer con PyQt6
2026-02-17 18:47:15 - XebecPDF - INFO - Iniciando Xebec PDF Fixer con PyQt6
2026-02-17 18:51:32 - XebecPDF - INFO - Iniciando Xebec PDF Fixer con PyQt6
2026-02-17 18:58:39 - XebecPDF - INFO - Iniciando Xebec PDF Fixer con PyQt6
2026-02-17 18:59:02 - XebecPDF - INFO - Iniciando Xebec PDF Fixer con PyQt6
2026-02-17 18:59:10 - XebecPDF - INFO - Navegando a: settings
2026-02-17 18:59:12 - XebecPDF - INFO - Navegando a: home
2026-02-17 18:59:17 - XebecPDF - INFO - Navegando a: new
2026-02-17 18:59:33 - XebecPDF - INFO - Navegando a: home
2026-02-17 19:03:15 - XebecPDF - INFO - Iniciando Xebec PDF Fixer con PyQt6
2026-02-17 19:05:35 - XebecPDF - INFO - Iniciando Xebec PDF Fixer con PyQt6
2026-02-17 19:08:25 - XebecPDF - INFO - Iniciando Xebec PDF Fixer con PyQt6
2026-02-17 19:10:05 - XebecPDF - INFO - Iniciando Xebec PDF Fixer con PyQt6
